<?xml version="1.0" encoding="UTF-8"?>
<testng-results ignored="0" total="3" passed="3" failed="0" skipped="0">
  <reporter-output>
  </reporter-output>
  <suite started-at="2023-02-04T16:34:17 IST" name="Suite" finished-at="2023-02-04T16:36:38 IST" duration-ms="141074">
    <groups>
    </groups>
    <test started-at="2023-02-04T16:34:17 IST" name="Test" finished-at="2023-02-04T16:36:38 IST" duration-ms="141074">
      <class name="aPages.Alogin">
        <test-method signature="LogNavigate(java.lang.String,java.lang.String)[pri:0, instance:aPages.Alogin@60094a13]" started-at="2023-02-04T16:35:04 IST" name="LogNavigate" data-provider="getdata" finished-at="2023-02-04T16:35:51 IST" duration-ms="47350" status="PASS">
          <params>
            <param index="0">
              <value>
                <![CDATA[firstfirstCombinamtion]]>
              </value>
            </param>
            <param index="1">
              <value>
                <![CDATA[firstsecondCombinamtion]]>
              </value>
            </param>
          </params>
          <reporter-output>
          </reporter-output>
        </test-method> <!-- LogNavigate -->
        <test-method signature="LogNavigate(java.lang.String,java.lang.String)[pri:0, instance:aPages.Alogin@60094a13]" started-at="2023-02-04T16:35:51 IST" name="LogNavigate" data-provider="getdata" finished-at="2023-02-04T16:36:38 IST" duration-ms="47308" status="PASS">
          <params>
            <param index="0">
              <value>
                <![CDATA[secondfirstCombinamtion]]>
              </value>
            </param>
            <param index="1">
              <value>
                <![CDATA[secondsecondCombinamtion]]>
              </value>
            </param>
          </params>
          <reporter-output>
          </reporter-output>
        </test-method> <!-- LogNavigate -->
      </class> <!-- aPages.Alogin -->
      <class name="aPages.AHome">
        <test-method signature="aNavigate()[pri:0, instance:aPages.AHome@7927bd9f]" started-at="2023-02-04T16:34:17 IST" name="aNavigate" finished-at="2023-02-04T16:35:04 IST" duration-ms="46347" status="PASS">
          <reporter-output>
          </reporter-output>
        </test-method> <!-- aNavigate -->
      </class> <!-- aPages.AHome -->
    </test> <!-- Test -->
  </suite> <!-- Suite -->
</testng-results>
